[mum2-hal-cpu.c:214] setCpuFrequencyMhz(): PLL: 480 / 2 = 240 Mhz, APB: 80000000 Hz
M5StickCPlus initializing...OK
E (658) ledc: freq_hz=0 duty_resolution=13
[   663][E][esp32-hal-ledc.c:75] ledcSetup(): ledc setup failed!
[   664][W][Wire.cpp:204] begin(): Bus already started in Master Mode.
[  1668][D][main.cpp:912] write_with_crln(): [SEND] SKSREG SFE 0
[  1670][D][main.cpp:912] write_with_crln(): [SEND] SKTERM
[  2678][D][main.cpp:912] write_with_crln(): [SEND] SKSETPWD C 000000000000
[  2682][D][main.cpp:905] read_line_without_crln(): [RECEIVE] OK
[  2685][D][main.cpp:912] write_with_crln(): [SEND] SKSETRBID 00000000000000000000000000000000
[  2693][D][main.cpp:905] read_line_without_crln(): [RECEIVE] OK
[  2699][D][main.cpp:912] write_with_crln(): [SEND] SKSCAN 2 FFFFFFFF 4
[  2703][D][main.cpp:905] read_line_without_crln(): [RECEIVE] OK
[  7375][D][main.cpp:912] write_with_crln(): [SEND] SKSCAN 2 FFFFFFFF 5
[  7378][D][main.cpp:905] read_line_without_crln(): [RECEIVE] OK
[  8021][D][main.cpp:572] operator()(): [MAIN] EVENT "NUM":"22","SENDER":"0000:0000:0000:0000:0000:0000:0000:0000"
[  8022][D][main.cpp:912] write_with_crln(): [SEND] SKSCAN 2 FFFFFFFF 6
[  8030][D][main.cpp:905] read_line_without_crln(): [RECEIVE] OK
[ 24700][D][main.cpp:572] operator()(): [MAIN] EVENT "NUM":"20","SENDER":"0000:0000:0000:0000:0000:0000:0000:0000"
[ 25353][D][main.cpp:905] read_line_without_crln(): [RECEIVE]   Channel:3B
[ 25354][D][main.cpp:905] read_line_without_crln(): [RECEIVE]   Channel Page:09
[ 25356][D][main.cpp:905] read_line_without_crln(): [RECEIVE]   Pan ID:0000
[ 25363][D][main.cpp:905] read_line_without_crln(): [RECEIVE]   Addr:0000000000000000
[ 25370][D][main.cpp:905] read_line_without_crln(): [RECEIVE]   LQI:B2
[ 25377][D][main.cpp:905] read_line_without_crln(): [RECEIVE]   PairID:00000000
[ 25384][D][main.cpp:572] operator()(): [MAIN] EPANDESC "Addr":"0000000000000000","Channel":"3B","Channel Page":"09","LQI":"B2","PairID":"00000000","Pan ID":"0000"
[ 26040][D][main.cpp:572] operator()(): [MAIN] EVENT "NUM":"22","SENDER":"0000:0000:0000:0000:0000:0000:0000:0000"
[ 26049][D][main.cpp:912] write_with_crln(): [SEND] SKLL64 0000000000000000
[ 26152][D][main.cpp:905] read_line_without_crln(): [RECEIVE] 0000:0000:0000:0000:0000:0000:0000:0000
[ 26152][D][main.cpp:612] connect(): [MAIN] ipv6_address: "0000:0000:0000:0000:0000:0000:0000:0000",channel: "3B",pan_id: "0000"
[ 26166][D][main.cpp:912] write_with_crln(): [SEND] SKSREG S2 3B
[ 26169][D][main.cpp:905] read_line_without_crln(): [RECEIVE] OK
[ 26177][D][main.cpp:912] write_with_crln(): [SEND] SKSREG S3 0000
[ 26181][D][main.cpp:905] read_line_without_crln(): [RECEIVE] OK
[ 26190][D][main.cpp:912] write_with_crln(): [SEND] SKJOIN 0000:0000:0000:0000:0000:0000:0000:0000
[ 26202][D][main.cpp:905] read_line_without_crln(): [RECEIVE] OK
[ 29529][D][main.cpp:656] connect(): [MAIN] Connected
[ 29533][D][main.cpp:519] boot(): [MAIN] connection successful
[ 29534][D][main.cpp:1089] setup(): [MAIN] setup success
[ 29563][D][main.cpp:1027] send_measurement_request(): [MAIN] request coefficient
[ 29564][D][main.cpp:712] send_request(): [MAIN] SKSENDTO 1 0000:0000:0000:0000:0000:0000:0000:0000 0E1A 1 000E 
[ 29721][D][main.cpp:905] read_line_without_crln(): [RECEIVE] EVENT 21 0000:0000:0000:0000:0000:0000:0000:0000 00
[ 29721][D][main.cpp:905] read_line_without_crln(): [RECEIVE] OK
[ 29933][D][main.cpp:1132] loop(): [MAIN] ERXUDP "DATA":"1081000102880105FF015201D300","DATALEN":"000E","DEST":"0000:0000:0000:0000:0000:0000:0000:0000","LPORT":"0E1A","RPORT":"0E1A","SECURED":"1","SENDER":"0000:0000:0000:0000:0000:0000:0000:0000","SENDERLLA":"0000000000000000"
[ 29946][D][main.cpp:1173] loop(): [MAIN] EHD1:10,EHD2:81,TID:0001,SEOJ:028801,DEOJ:05FF01,ESV:52,OPC:01,EPC:D3,PDC:00,EDT:
[ 29957][D][main.cpp:1223] loop(): [MAIN] no coefficient
[ 32617][D][main.cpp:1132] loop(): [MAIN] ERXUDP "DATA":"108103610EF0010EF0017301D50401028801","DATALEN":"0012","DEST":"FF02:0000:0000:0000:0000:0000:0000:0001","LPORT":"0E1A","RPORT":"0E1A","SECURED":"1","SENDER":"0000:0000:0000:0000:0000:0000:0000:0000","SENDERLLA":"0000000000000000"
[ 32631][D][main.cpp:1173] loop(): [MAIN] EHD1:10,EHD2:81,TID:0361,SEOJ:0EF001,DEOJ:0EF001,ESV:73,OPC:01,EPC:D5,PDC:04,EDT:01028801
[ 32643][D][main.cpp:1182] loop(): [MAIN] instances list
[ 32648][D][main.cpp:1188] loop(): [MAIN] total number of instances: 1
[ 32654][D][main.cpp:1197] loop(): [MAIN] list of object code(EOJ): 028801
[ 50204][D][main.cpp:1027] send_measurement_request(): [MAIN] request unit for whm
[ 50205][D][main.cpp:712] send_request(): [MAIN] SKSENDTO 1 0000:0000:0000:0000:0000:0000:0000:0000 0E1A 1 000E 
[ 50334][D][main.cpp:905] read_line_without_crln(): [RECEIVE] EVENT 21 0000:0000:0000:0000:0000:0000:0000:0000 00
[ 50334][D][main.cpp:905] read_line_without_crln(): [RECEIVE] OK
[ 50801][D][main.cpp:1132] loop(): [MAIN] ERXUDP "DATA":"1081000102880105FF017201E10102","DATALEN":"000F","DEST":"0000:0000:0000:0000:0000:0000:0000:0000","LPORT":"0E1A","RPORT":"0E1A","SECURED":"1","SENDER":"0000:0000:0000:0000:0000:0000:0000:0000","SENDERLLA":"0000000000000000"
[ 50815][D][main.cpp:1173] loop(): [MAIN] EHD1:10,EHD2:81,TID:0001,SEOJ:028801,DEOJ:05FF01,ESV:72,OPC:01,EPC:E1,PDC:01,EDT:02
[ 50826][D][main.cpp:1240] loop(): [MAIN] *0.01 kwh
[ 70770][D][main.cpp:1027] send_measurement_request(): [MAIN] request number of effective digits
[ 70771][D][main.cpp:712] send_request(): [MAIN] SKSENDTO 1 0000:0000:0000:0000:0000:0000:0000:0000 0E1A 1 000E 
[ 70951][D][main.cpp:905] read_line_without_crln(): [RECEIVE] EVENT 21 0000:0000:0000:0000:0000:0000:0000:0000 00
[ 70951][D][main.cpp:905] read_line_without_crln(): [RECEIVE] OK
[ 71417][D][main.cpp:1132] loop(): [MAIN] ERXUDP "DATA":"1081000102880105FF017201D70107","DATALEN":"000F","DEST":"0000:0000:0000:0000:0000:0000:0000:0000","LPORT":"0E1A","RPORT":"0E1A","SECURED":"1","SENDER":"0000:0000:0000:0000:0000:0000:0000:0000","SENDERLLA":"0000000000000000"
[ 71431][D][main.cpp:1173] loop(): [MAIN] EHD1:10,EHD2:81,TID:0001,SEOJ:028801,DEOJ:05FF01,ESV:72,OPC:01,EPC:D7,PDC:01,EDT:07
[ 71442][D][main.cpp:1230] loop(): [MAIN] 7 effective digits.
[ 91387][D][main.cpp:1027] send_measurement_request(): [MAIN] request amounts of electric power
[ 91388][D][main.cpp:712] send_request(): [MAIN] SKSENDTO 1 0000:0000:0000:0000:0000:0000:0000:0000 0E1A 1 000E 
[ 91530][D][main.cpp:905] read_line_without_crln(): [RECEIVE] EVENT 21 0000:0000:0000:0000:0000:0000:0000:0000 00
[ 91531][D][main.cpp:905] read_line_without_crln(): [RECEIVE] OK
[ 91946][D][main.cpp:1132] loop(): [MAIN] ERXUDP "DATA":"1081000102880105FF017201EA0B07E6080114000000012CC7","DATALEN":"0019","DEST":"0000:0000:0000:0000:0000:0000:0000:0000","LPORT":"0E1A","RPORT":"0E1A","SECURED":"1","SENDER":"0000:0000:0000:0000:0000:0000:0000:0000","SENDERLLA":"0000000000000000"
[ 91962][D][main.cpp:1173] loop(): [MAIN] EHD1:10,EHD2:81,TID:0001,SEOJ:028801,DEOJ:05FF01,ESV:72,OPC:01,EPC:EA,PDC:0B,EDT:07E6080114000000012CC7
[ 91974][D][main.cpp:1282] loop(): [MAIN] 2022/ 8/ 1 20:00:00 76999
[ 91980][D][main.cpp:1286] loop(): [MAIN] coeff: 1
[ 91985][D][main.cpp:1289] loop(): [MAIN] unit: *0.01 kwh
[111991][D][main.cpp:1027] send_measurement_request(): [MAIN] request inst-epower
[111992][D][main.cpp:712] send_request(): [MAIN] SKSENDTO 1 0000:0000:0000:0000:0000:0000:0000:0000 0E1A 1 000E 
[112107][D][main.cpp:905] read_line_without_crln(): [RECEIVE] EVENT 21 0000:0000:0000:0000:0000:0000:0000:0000 00
[112107][D][main.cpp:905] read_line_without_crln(): [RECEIVE] OK
[112472][D][main.cpp:1132] loop(): [MAIN] ERXUDP "DATA":"1081000102880105FF017201E704000004A8","DATALEN":"0012","DEST":"0000:0000:0000:0000:0000:0000:0000:0000","LPORT":"0E1A","RPORT":"0E1A","SECURED":"1","SENDER":"0000:0000:0000:0000:0000:0000:0000:0000","SENDERLLA":"0000000000000000"
[112486][D][main.cpp:1173] loop(): [MAIN] EHD1:10,EHD2:81,TID:0001,SEOJ:028801,DEOJ:05FF01,ESV:72,OPC:01,EPC:E7,PDC:04,EDT:000004A8
[112498][D][main.cpp:1252] loop(): [MAIN] 1192 W
[132551][D][main.cpp:1027] send_measurement_request(): [MAIN] request inst-current
[132552][D][main.cpp:712] send_request(): [MAIN] SKSENDTO 1 0000:0000:0000:0000:0000:0000:0000:0000 0E1A 1 000E 
[132712][D][main.cpp:905] read_line_without_crln(): [RECEIVE] EVENT 21 0000:0000:0000:0000:0000:0000:0000:0000 00
[132713][D][main.cpp:905] read_line_without_crln(): [RECEIVE] OK
[133077][D][main.cpp:1132] loop(): [MAIN] ERXUDP "DATA":"1081000102880105FF017201E80400620022","DATALEN":"0012","DEST":"0000:0000:0000:0000:0000:0000:0000:0000","LPORT":"0E1A","RPORT":"0E1A","SECURED":"1","SENDER":"0000:0000:0000:0000:0000:0000:0000:0000","SENDERLLA":"0000000000000000"
[133091][D][main.cpp:1173] loop(): [MAIN] EHD1:10,EHD2:81,TID:0001,SEOJ:028801,DEOJ:05FF01,ESV:72,OPC:01,EPC:E8,PDC:04,EDT:00620022
[133103][D][main.cpp:1266] loop(): [MAIN] R: 9.0 A, T: 3.0 A
[153160][D][main.cpp:1027] send_measurement_request(): [MAIN] request inst-epower
[153161][D][main.cpp:712] send_request(): [MAIN] SKSENDTO 1 0000:0000:0000:0000:0000:0000:0000:0000 0E1A 1 000E 
[153415][D][main.cpp:905] read_line_without_crln(): [RECEIVE] EVENT 21 0000:0000:0000:0000:0000:0000:0000:0000 00
[153415][D][main.cpp:905] read_line_without_crln(): [RECEIVE] OK
[153728][D][main.cpp:1132] loop(): [MAIN] ERXUDP "DATA":"1081000102880105FF017201E704000004F0","DATALEN":"0012","DEST":"0000:0000:0000:0000:0000:0000:0000:0000","LPORT":"0E1A","RPORT":"0E1A","SECURED":"1","SENDER":"0000:0000:0000:0000:0000:0000:0000:0000","SENDERLLA":"0000000000000000"
[153742][D][main.cpp:1173] loop(): [MAIN] EHD1:10,EHD2:81,TID:0001,SEOJ:028801,DEOJ:05FF01,ESV:72,OPC:01,EPC:E7,PDC:04,EDT:000004F0
[153754][D][main.cpp:1252] loop(): [MAIN] 1264 W
[173861][D][main.cpp:1027] send_measurement_request(): [MAIN] request inst-current
[173862][D][main.cpp:712] send_request(): [MAIN] SKSENDTO 1 0000:0000:0000:0000:0000:0000:0000:0000 0E1A 1 000E 
[174005][D][main.cpp:905] read_line_without_crln(): [RECEIVE] EVENT 21 0000:0000:0000:0000:0000:0000:0000:0000 00
[174005][D][main.cpp:905] read_line_without_crln(): [RECEIVE] OK
[174421][D][main.cpp:1132] loop(): [MAIN] ERXUDP "DATA":"1081000102880105FF017201E804005F0022","DATALEN":"0012","DEST":"0000:0000:0000:0000:0000:0000:0000:0000","LPORT":"0E1A","RPORT":"0E1A","SECURED":"1","SENDER":"0000:0000:0000:0000:0000:0000:0000:0000","SENDERLLA":"0000000000000000"
[174435][D][main.cpp:1173] loop(): [MAIN] EHD1:10,EHD2:81,TID:0001,SEOJ:028801,DEOJ:05FF01,ESV:72,OPC:01,EPC:E8,PDC:04,EDT:005F0022
[194443][D][main.cpp:1027] send_measurement_request(): [MAIN] request inst-epower
[194444][D][main.cpp:712] send_request(): [MAIN] SKSENDTO 1 0000:0000:0000:0000:0000:0000:0000:0000 0E1A 1 000E 
[194559][D][main.cpp:905] read_line_without_crln(): [RECEIVE] EVENT 21 0000:0000:0000:0000:0000:0000:0000:0000 00
[194559][D][main.cpp:905] read_line_without_crln(): [RECEIVE] OK
[194975][D][main.cpp:1132] loop(): [MAIN] ERXUDP "DATA":"1081000102880105FF017201E704000004E8","DATALEN":"0012","DEST":"0000:0000:0000:0000:0000:0000:0000:0000","LPORT":"0E1A","RPORT":"0E1A","SECURED":"1","SENDER":"0000:0000:0000:0000:0000:0000:0000:0000","SENDERLLA":"0000000000000000"
[194989][D][main.cpp:1173] loop(): [MAIN] EHD1:10,EHD2:81,TID:0001,SEOJ:028801,DEOJ:05FF01,ESV:72,OPC:01,EPC:E7,PDC:04,EDT:000004E8
[195001][D][main.cpp:1252] loop(): [MAIN] 1256 W
[215006][D][main.cpp:1027] send_measurement_request(): [MAIN] request inst-current
[215007][D][main.cpp:712] send_request(): [MAIN] SKSENDTO 1 0000:0000:0000:0000:0000:0000:0000:0000 0E1A 1 000E 
[215135][D][main.cpp:905] read_line_without_crln(): [RECEIVE] EVENT 21 0000:0000:0000:0000:0000:0000:0000:0000 00
[215135][D][main.cpp:905] read_line_without_crln(): [RECEIVE] OK
[215449][D][main.cpp:1132] loop(): [MAIN] ERXUDP "DATA":"1081000102880105FF017201E804005F0028","DATALEN":"0012","DEST":"0000:0000:0000:0000:0000:0000:0000:0000","LPORT":"0E1A","RPORT":"0E1A","SECURED":"1","SENDER":"0000:0000:0000:0000:0000:0000:0000:0000","SENDERLLA":"0000000000000000"
[215463][D][main.cpp:1173] loop(): [MAIN] EHD1:10,EHD2:81,TID:0001,SEOJ:028801,DEOJ:05FF01,ESV:72,OPC:01,EPC:E8,PDC:04,EDT:005F0028
[215475][D][main.cpp:1266] loop(): [MAIN] R: 9.0 A, T: 4.0 A
[235585][D][main.cpp:1027] send_measurement_request(): [MAIN] request inst-epower
[235586][D][main.cpp:712] send_request(): [MAIN] SKSENDTO 1 0000:0000:0000:0000:0000:0000:0000:0000 0E1A 1 000E 
[235929][D][main.cpp:905] read_line_without_crln(): [RECEIVE] EVENT 21 0000:0000:0000:0000:0000:0000:0000:0000 00
[235929][D][main.cpp:905] read_line_without_crln(): [RECEIVE] OK
[236396][D][main.cpp:1132] loop(): [MAIN] ERXUDP "DATA":"1081000102880105FF017201E70400000548","DATALEN":"0012","DEST":"0000:0000:0000:0000:0000:0000:0000:0000","LPORT":"0E1A","RPORT":"0E1A","SECURED":"1","SENDER":"0000:0000:0000:0000:0000:0000:0000:0000","SENDERLLA":"0000000000000000"
[236410][D][main.cpp:1173] loop(): [MAIN] EHD1:10,EHD2:81,TID:0001,SEOJ:028801,DEOJ:05FF01,ESV:72,OPC:01,EPC:E7,PDC:04,EDT:00000548
[236422][D][main.cpp:1252] loop(): [MAIN] 1352 W
[256376][D][main.cpp:1027] send_measurement_request(): [MAIN] request inst-current
[256377][D][main.cpp:712] send_request(): [MAIN] SKSENDTO 1 0000:0000:0000:0000:0000:0000:0000:0000 0E1A 1 000E 
[256691][D][main.cpp:905] read_line_without_crln(): [RECEIVE] EVENT 21 0000:0000:0000:0000:0000:0000:0000:0000 00
[256691][D][main.cpp:905] read_line_without_crln(): [RECEIVE] OK
[257107][D][main.cpp:1132] loop(): [MAIN] ERXUDP "DATA":"1081000102880105FF017201E8040062002C","DATALEN":"0012","DEST":"0000:0000:0000:0000:0000:0000:0000:0000","LPORT":"0E1A","RPORT":"0E1A","SECURED":"1","SENDER":"0000:0000:0000:0000:0000:0000:0000:0000","SENDERLLA":"0000000000000000"
[257121][D][main.cpp:1173] loop(): [MAIN] EHD1:10,EHD2:81,TID:0001,SEOJ:028801,DEOJ:05FF01,ESV:72,OPC:01,EPC:E8,PDC:04,EDT:0062002C
[257133][D][main.cpp:1266] loop(): [MAIN] R: 9.0 A, T: 4.0 A
[277129][D][main.cpp:1027] send_measurement_request(): [MAIN] request inst-epower
[277130][D][main.cpp:712] send_request(): [MAIN] SKSENDTO 1 0000:0000:0000:0000:0000:0000:0000:0000 0E1A 1 000E 
[277394][D][main.cpp:905] read_line_without_crln(): [RECEIVE] EVENT 21 0000:0000:0000:0000:0000:0000:0000:0000 00
[277395][D][main.cpp:905] read_line_without_crln(): [RECEIVE] OK
[277606][D][main.cpp:1132] loop(): [MAIN] ERXUDP "DATA":"1081000102880105FF017201E70400000530","DATALEN":"0012","DEST":"0000:0000:0000:0000:0000:0000:0000:0000","LPORT":"0E1A","RPORT":"0E1A","SECURED":"1","SENDER":"0000:0000:0000:0000:0000:0000:0000:0000","SENDERLLA":"0000000000000000"
[277620][D][main.cpp:1173] loop(): [MAIN] EHD1:10,EHD2:81,TID:0001,SEOJ:028801,DEOJ:05FF01,ESV:72,OPC:01,EPC:E7,PDC:04,EDT:00000530
[277632][D][main.cpp:1252] loop(): [MAIN] 1328 W
[297841][D][main.cpp:1027] send_measurement_request(): [MAIN] request inst-current
[297842][D][main.cpp:712] send_request(): [MAIN] SKSENDTO 1 0000:0000:0000:0000:0000:0000:0000:0000 0E1A 1 000E 
[298151][D][main.cpp:905] read_line_without_crln(): [RECEIVE] EVENT 21 0000:0000:0000:0000:0000:0000:0000:0000 00
[298152][D][main.cpp:905] read_line_without_crln(): [RECEIVE] OK
[298516][D][main.cpp:1132] loop(): [MAIN] ERXUDP "DATA":"1081000102880105FF017201E80400460027","DATALEN":"0012","DEST":"0000:0000:0000:0000:0000:0000:0000:0000","LPORT":"0E1A","RPORT":"0E1A","SECURED":"1","SENDER":"0000:0000:0000:0000:0000:0000:0000:0000","SENDERLLA":"0000000000000000"
[298530][D][main.cpp:1173] loop(): [MAIN] EHD1:10,EHD2:81,TID:0001,SEOJ:028801,DEOJ:05FF01,ESV:72,OPC:01,EPC:E8,PDC:04,EDT:00460027
[298542][D][main.cpp:1266] loop(): [MAIN] R: 7.0 A, T: 3.0 A
[318601][D][main.cpp:1027] send_measurement_request(): [MAIN] request inst-epower
[318602][D][main.cpp:712] send_request(): [MAIN] SKSENDTO 1 0000:0000:0000:0000:0000:0000:0000:0000 0E1A 1 000E 
[318717][D][main.cpp:905] read_line_without_crln(): [RECEIVE] EVENT 21 0000:0000:0000:0000:0000:0000:0000:0000 00
[318717][D][main.cpp:905] read_line_without_crln(): [RECEIVE] OK
[318980][D][main.cpp:1132] loop(): [MAIN] ERXUDP "DATA":"1081000102880105FF017201E70400000424","DATALEN":"0012","DEST":"0000:0000:0000:0000:0000:0000:0000:0000","LPORT":"0E1A","RPORT":"0E1A","SECURED":"1","SENDER":"0000:0000:0000:0000:0000:0000:0000:0000","SENDERLLA":"0000000000000000"
[318994][D][main.cpp:1173] loop(): [MAIN] EHD1:10,EHD2:81,TID:0001,SEOJ:028801,DEOJ:05FF01,ESV:72,OPC:01,EPC:E7,PDC:04,EDT:00000424
[319006][D][main.cpp:1252] loop(): [MAIN] 1060 W
[339164][D][main.cpp:1027] send_measurement_request(): [MAIN] request inst-current
[339165][D][main.cpp:712] send_request(): [MAIN] SKSENDTO 1 0000:0000:0000:0000:0000:0000:0000:0000 0E1A 1 000E 
[339325][D][main.cpp:905] read_line_without_crln(): [RECEIVE] EVENT 21 0000:0000:0000:0000:0000:0000:0000:0000 00
[339325][D][main.cpp:905] read_line_without_crln(): [RECEIVE] OK
[339740][D][main.cpp:1132] loop(): [MAIN] ERXUDP "DATA":"1081000102880105FF017201E80400460027","DATALEN":"0012","DEST":"0000:0000:0000:0000:0000:0000:0000:0000","LPORT":"0E1A","RPORT":"0E1A","SECURED":"1","SENDER":"0000:0000:0000:0000:0000:0000:0000:0000","SENDERLLA":"0000000000000000"
[339754][D][main.cpp:1173] loop(): [MAIN] EHD1:10,EHD2:81,TID:0001,SEOJ:028801,DEOJ:05FF01,ESV:72,OPC:01,EPC:E8,PDC:04,EDT:00460027
[339766][D][main.cpp:1266] loop(): [MAIN] R: 7.0 A, T: 3.0 A
[359762][D][main.cpp:1027] send_measurement_request(): [MAIN] request inst-epower
[359763][D][main.cpp:712] send_request(): [MAIN] SKSENDTO 1 0000:0000:0000:0000:0000:0000:0000:0000 0E1A 1 000E 
[359878][D][main.cpp:905] read_line_without_crln(): [RECEIVE] EVENT 21 0000:0000:0000:0000:0000:0000:0000:0000 00
[359878][D][main.cpp:905] read_line_without_crln(): [RECEIVE] OK
[360294][D][main.cpp:1132] loop(): [MAIN] ERXUDP "DATA":"1081000102880105FF017201E70400000418","DATALEN":"0012","DEST":"0000:0000:0000:0000:0000:0000:0000:0000","LPORT":"0E1A","RPORT":"0E1A","SECURED":"1","SENDER":"0000:0000:0000:0000:0000:0000:0000:0000","SENDERLLA":"0000000000000000"
[360308][D][main.cpp:1173] loop(): [MAIN] EHD1:10,EHD2:81,TID:0001,SEOJ:028801,DEOJ:05FF01,ESV:72,OPC:01,EPC:E7,PDC:04,EDT:00000418
[360320][D][main.cpp:1252] loop(): [MAIN] 1048 W
[380325][D][main.cpp:1027] send_measurement_request(): [MAIN] request inst-current
[380326][D][main.cpp:712] send_request(): [MAIN] SKSENDTO 1 0000:0000:0000:0000:0000:0000:0000:0000 0E1A 1 000E 
[380481][D][main.cpp:905] read_line_without_crln(): [RECEIVE] EVENT 21 0000:0000:0000:0000:0000:0000:0000:0000 00
[380481][D][main.cpp:905] read_line_without_crln(): [RECEIVE] OK
[380897][D][main.cpp:1132] loop(): [MAIN] ERXUDP "DATA":"1081000102880105FF017201E80400460026","DATALEN":"0012","DEST":"0000:0000:0000:0000:0000:0000:0000:0000","LPORT":"0E1A","RPORT":"0E1A","SECURED":"1","SENDER":"0000:0000:0000:0000:0000:0000:0000:0000","SENDERLLA":"0000000000000000"
[380911][D][main.cpp:1173] loop(): [MAIN] EHD1:10,EHD2:81,TID:0001,SEOJ:028801,DEOJ:05FF01,ESV:72,OPC:01,EPC:E8,PDC:04,EDT:00460026
[380923][D][main.cpp:1266] loop(): [MAIN] R: 7.0 A, T: 3.0 A
[400919][D][main.cpp:1027] send_measurement_request(): [MAIN] request inst-epower
[400920][D][main.cpp:712] send_request(): [MAIN] SKSENDTO 1 0000:0000:0000:0000:0000:0000:0000:0000 0E1A 1 000E 
[401169][D][main.cpp:905] read_line_without_crln(): [RECEIVE] EVENT 21 0000:0000:0000:0000:0000:0000:0000:0000 00
[401170][D][main.cpp:905] read_line_without_crln(): [RECEIVE] OK
[401483][D][main.cpp:1132] loop(): [MAIN] ERXUDP "DATA":"1081000102880105FF017201E7040000041C","DATALEN":"0012","DEST":"0000:0000:0000:0000:0000:0000:0000:0000","LPORT":"0E1A","RPORT":"0E1A","SECURED":"1","SENDER":"0000:0000:0000:0000:0000:0000:0000:0000","SENDERLLA":"0000000000000000"
[401497][D][main.cpp:1173] loop(): [MAIN] EHD1:10,EHD2:81,TID:0001,SEOJ:028801,DEOJ:05FF01,ESV:72,OPC:01,EPC:E7,PDC:04,EDT:0000041C
[401509][D][main.cpp:1252] loop(): [MAIN] 1052 W
[421616][D][main.cpp:1027] send_measurement_request(): [MAIN] request inst-current
[421617][D][main.cpp:712] send_request(): [MAIN] SKSENDTO 1 0000:0000:0000:0000:0000:0000:0000:0000 0E1A 1 000E 
[421885][D][main.cpp:905] read_line_without_crln(): [RECEIVE] EVENT 21 0000:0000:0000:0000:0000:0000:0000:0000 00
[421886][D][main.cpp:905] read_line_without_crln(): [RECEIVE] OK
[422250][D][main.cpp:1132] loop(): [MAIN] ERXUDP "DATA":"1081000102880105FF017201E80400450026","DATALEN":"0012","DEST":"0000:0000:0000:0000:0000:0000:0000:0000","LPORT":"0E1A","RPORT":"0E1A","SECURED":"1","SENDER":"0000:0000:0000:0000:0000:0000:0000:0000","SENDERLLA":"0000000000000000"
[422264][D][main.cpp:1173] loop(): [MAIN] EHD1:10,EHD2:81,TID:0001,SEOJ:028801,DEOJ:05FF01,ESV:72,OPC:01,EPC:E8,PDC:04,EDT:00450026
[422276][D][main.cpp:1266] loop(): [MAIN] R: 6.0 A, T: 3.0 A
[442335][D][main.cpp:1027] send_measurement_request(): [MAIN] request inst-epower
[442336][D][main.cpp:712] send_request(): [MAIN] SKSENDTO 1 0000:0000:0000:0000:0000:0000:0000:0000 0E1A 1 000E 
[442519][D][main.cpp:905] read_line_without_crln(): [RECEIVE] EVENT 21 0000:0000:0000:0000:0000:0000:0000:0000 00
[442520][D][main.cpp:905] read_line_without_crln(): [RECEIVE] OK
[442935][D][main.cpp:1132] loop(): [MAIN] ERXUDP "DATA":"1081000102880105FF017201E70400000430","DATALEN":"0012","DEST":"0000:0000:0000:0000:0000:0000:0000:0000","LPORT":"0E1A","RPORT":"0E1A","SECURED":"1","SENDER":"0000:0000:0000:0000:0000:0000:0000:0000","SENDERLLA":"0000000000000000"
[442949][D][main.cpp:1173] loop(): [MAIN] EHD1:10,EHD2:81,TID:0001,SEOJ:028801,DEOJ:05FF01,ESV:72,OPC:01,EPC:E7,PDC:04,EDT:00000430
[442961][D][main.cpp:1252] loop(): [MAIN] 1072 W
[462966][D][main.cpp:1027] send_measurement_request(): [MAIN] request inst-current
[462967][D][main.cpp:712] send_request(): [MAIN] SKSENDTO 1 0000:0000:0000:0000:0000:0000:0000:0000 0E1A 1 000E 
[463267][D][main.cpp:905] read_line_without_crln(): [RECEIVE] EVENT 21 0000:0000:0000:0000:0000:0000:0000:0000 00
[463267][D][main.cpp:905] read_line_without_crln(): [RECEIVE] OK
[463683][D][main.cpp:1132] loop(): [MAIN] ERXUDP "DATA":"1081000102880105FF017201E80400460026","DATALEN":"0012","DEST":"0000:0000:0000:0000:0000:0000:0000:0000","LPORT":"0E1A","RPORT":"0E1A","SECURED":"1","SENDER":"0000:0000:0000:0000:0000:0000:0000:0000","SENDERLLA":"0000000000000000"
[463697][D][main.cpp:1173] loop(): [MAIN] EHD1:10,EHD2:81,TID:0001,SEOJ:028801,DEOJ:05FF01,ESV:72,OPC:01,EPC:E8,PDC:04,EDT:00460026
[463709][D][main.cpp:1266] loop(): [MAIN] R: 7.0 A, T: 3.0 A
[483717][D][main.cpp:1027] send_measurement_request(): [MAIN] request inst-epower
[483718][D][main.cpp:712] send_request(): [MAIN] SKSENDTO 1 0000:0000:0000:0000:0000:0000:0000:0000 0E1A 1 000E 
[483833][D][main.cpp:905] read_line_without_crln(): [RECEIVE] EVENT 21 0000:0000:0000:0000:0000:0000:0000:0000 00
[483833][D][main.cpp:905] read_line_without_crln(): [RECEIVE] OK
[484198][D][main.cpp:1132] loop(): [MAIN] ERXUDP "DATA":"1081000102880105FF017201E70400000418","DATALEN":"0012","DEST":"0000:0000:0000:0000:0000:0000:0000:0000","LPORT":"0E1A","RPORT":"0E1A","SECURED":"1","SENDER":"0000:0000:0000:0000:0000:0000:0000:0000","SENDERLLA":"0000000000000000"
[484212][D][main.cpp:1173] loop(): [MAIN] EHD1:10,EHD2:81,TID:0001,SEOJ:028801,DEOJ:05FF01,ESV:72,OPC:01,EPC:E7,PDC:04,EDT:00000418
[484224][D][main.cpp:1252] loop(): [MAIN] 1048 W
[504279][D][main.cpp:1027] send_measurement_request(): [MAIN] request inst-current
[504280][D][main.cpp:712] send_request(): [MAIN] SKSENDTO 1 0000:0000:0000:0000:0000:0000:0000:0000 0E1A 1 000E 
[504542][D][main.cpp:905] read_line_without_crln(): [RECEIVE] EVENT 21 0000:0000:0000:0000:0000:0000:0000:0000 00
[504542][D][main.cpp:905] read_line_without_crln(): [RECEIVE] OK
[504754][D][main.cpp:1132] loop(): [MAIN] ERXUDP "DATA":"1081000102880105FF017201E80400460026","DATALEN":"0012","DEST":"0000:0000:0000:0000:0000:0000:0000:0000","LPORT":"0E1A","RPORT":"0E1A","SECURED":"1","SENDER":"0000:0000:0000:0000:0000:0000:0000:0000","SENDERLLA":"0000000000000000"
[504768][D][main.cpp:1173] loop(): [MAIN] EHD1:10,EHD2:81,TID:0001,SEOJ:028801,DEOJ:05FF01,ESV:72,OPC:01,EPC:E8,PDC:04,EDT:00460026
[504780][D][main.cpp:1266] loop(): [MAIN] R: 7.0 A, T: 3.0 A
[524980][D][main.cpp:1027] send_measurement_request(): [MAIN] request inst-epower
[524981][D][main.cpp:712] send_request(): [MAIN] SKSENDTO 1 0000:0000:0000:0000:0000:0000:0000:0000 0E1A 1 000E 
[525269][D][main.cpp:905] read_line_without_crln(): [RECEIVE] EVENT 21 0000:0000:0000:0000:0000:0000:0000:0000 00
[525270][D][main.cpp:905] read_line_without_crln(): [RECEIVE] OK
[525481][D][main.cpp:1132] loop(): [MAIN] ERXUDP "DATA":"1081000102880105FF017201E704000003F8","DATALEN":"0012","DEST":"0000:0000:0000:0000:0000:0000:0000:0000","LPORT":"0E1A","RPORT":"0E1A","SECURED":"1","SENDER":"0000:0000:0000:0000:0000:0000:0000:0000","SENDERLLA":"0000000000000000"
[525495][D][main.cpp:1173] loop(): [MAIN] EHD1:10,EHD2:81,TID:0001,SEOJ:028801,DEOJ:05FF01,ESV:72,OPC:01,EPC:E7,PDC:04,EDT:000003F8
[525507][D][main.cpp:1252] loop(): [MAIN] 1016 W
[541741][D][main.cpp:1132] loop(): [MAIN] ERXUDP "DATA":"1081036202880105FF017301EA0B07E60801141E0000012D02","DATALEN":"0019","DEST":"0000:0000:0000:0000:0000:0000:0000:0000","LPORT":"0E1A","RPORT":"0E1A","SECURED":"1","SENDER":"0000:0000:0000:0000:0000:0000:0000:0000","SENDERLLA":"0000000000000000"
[541757][D][main.cpp:1173] loop(): [MAIN] EHD1:10,EHD2:81,TID:0362,SEOJ:028801,DEOJ:05FF01,ESV:73,OPC:01,EPC:EA,PDC:0B,EDT:07E60801141E0000012D02
[541769][D][main.cpp:1282] loop(): [MAIN] 2022/ 8/ 1 20:30:00 77058
[541775][D][main.cpp:1286] loop(): [MAIN] coeff: 1
[541780][D][main.cpp:1289] loop(): [MAIN] unit: *0.01 kwh
[545778][D][main.cpp:1027] send_measurement_request(): [MAIN] request inst-current
[545779][D][main.cpp:712] send_request(): [MAIN] SKSENDTO 1 0000:0000:0000:0000:0000:0000:0000:0000 0E1A 1 000E 
[545900][D][main.cpp:905] read_line_without_crln(): [RECEIVE] EVENT 21 0000:0000:0000:0000:0000:0000:0000:0000 00
[545900][D][main.cpp:905] read_line_without_crln(): [RECEIVE] OK
[546316][D][main.cpp:1132] loop(): [MAIN] ERXUDP "DATA":"1081000102880105FF017201E80400420026","DATALEN":"0012","DEST":"0000:0000:0000:0000:0000:0000:0000:0000","LPORT":"0E1A","RPORT":"0E1A","SECURED":"1","SENDER":"0000:0000:0000:0000:0000:0000:0000:0000","SENDERLLA":"0000000000000000"
[546330][D][main.cpp:1173] loop(): [MAIN] EHD1:10,EHD2:81,TID:0001,SEOJ:028801,DEOJ:05FF01,ESV:72,OPC:01,EPC:E8,PDC:04,EDT:00420026
[546342][D][main.cpp:1266] loop(): [MAIN] R: 6.0 A, T: 3.0 A
[566350][D][main.cpp:1027] send_measurement_request(): [MAIN] request inst-epower
[566351][D][main.cpp:712] send_request(): [MAIN] SKSENDTO 1 0000:0000:0000:0000:0000:0000:0000:0000 0E1A 1 000E 
[566511][D][main.cpp:905] read_line_without_crln(): [RECEIVE] EVENT 21 0000:0000:0000:0000:0000:0000:0000:0000 00
[566511][D][main.cpp:905] read_line_without_crln(): [RECEIVE] OK
[566926][D][main.cpp:1132] loop(): [MAIN] ERXUDP "DATA":"1081000102880105FF017201E70400000400","DATALEN":"0012","DEST":"0000:0000:0000:0000:0000:0000:0000:0000","LPORT":"0E1A","RPORT":"0E1A","SECURED":"1","SENDER":"0000:0000:0000:0000:0000:0000:0000:0000","SENDERLLA":"0000000000000000"
[566940][D][main.cpp:1173] loop(): [MAIN] EHD1:10,EHD2:81,TID:0001,SEOJ:028801,DEOJ:05FF01,ESV:72,OPC:01,EPC:E7,PDC:04,EDT:00000400
[566952][D][main.cpp:1252] loop(): [MAIN] 1024 W
[586956][D][main.cpp:1027] send_measurement_request(): [MAIN] request inst-current
[586957][D][main.cpp:712] send_request(): [MAIN] SKSENDTO 1 0000:0000:0000:0000:0000:0000:0000:0000 0E1A 1 000E 
[587212][D][main.cpp:905] read_line_without_crln(): [RECEIVE] EVENT 21 0000:0000:0000:0000:0000:0000:0000:0000 00
[587212][D][main.cpp:905] read_line_without_crln(): [RECEIVE] OK
[587577][D][main.cpp:1132] loop(): [MAIN] ERXUDP "DATA":"1081000102880105FF017201E80400480025","DATALEN":"0012","DEST":"0000:0000:0000:0000:0000:0000:0000:0000","LPORT":"0E1A","RPORT":"0E1A","SECURED":"1","SENDER":"0000:0000:0000:0000:0000:0000:0000:0000","SENDERLLA":"0000000000000000"
[587591][D][main.cpp:1173] loop(): [MAIN] EHD1:10,EHD2:81,TID:0001,SEOJ:028801,DEOJ:05FF01,ESV:72,OPC:01,EPC:E8,PDC:04,EDT:00480025
[587603][D][main.cpp:1266] loop(): [MAIN] R: 7.0 A, T: 3.0 A
[607662][D][main.cpp:1027] send_measurement_request(): [MAIN] request inst-epower
[607663][D][main.cpp:712] send_request(): [MAIN] SKSENDTO 1 0000:0000:0000:0000:0000:0000:0000:0000 0E1A 1 000E 
[607792][D][main.cpp:905] read_line_without_crln(): [RECEIVE] EVENT 21 0000:0000:0000:0000:0000:0000:0000:0000 00
[607792][D][main.cpp:905] read_line_without_crln(): [RECEIVE] OK
[608003][D][main.cpp:1132] loop(): [MAIN] ERXUDP "DATA":"1081000102880105FF017201E70400000420","DATALEN":"0012","DEST":"0000:0000:0000:0000:0000:0000:0000:0000","LPORT":"0E1A","RPORT":"0E1A","SECURED":"1","SENDER":"0000:0000:0000:0000:0000:0000:0000:0000","SENDERLLA":"0000000000000000"
[608017][D][main.cpp:1173] loop(): [MAIN] EHD1:10,EHD2:81,TID:0001,SEOJ:028801,DEOJ:05FF01,ESV:72,OPC:01,EPC:E7,PDC:04,EDT:00000420
[608029][D][main.cpp:1252] loop(): [MAIN] 1056 W
[628238][D][main.cpp:1027] send_measurement_request(): [MAIN] request inst-current
[628239][D][main.cpp:712] send_request(): [MAIN] SKSENDTO 1 0000:0000:0000:0000:0000:0000:0000:0000 0E1A 1 000E 
[628578][D][main.cpp:905] read_line_without_crln(): [RECEIVE] EVENT 21 0000:0000:0000:0000:0000:0000:0000:0000 00
[628578][D][main.cpp:905] read_line_without_crln(): [RECEIVE] OK
[628892][D][main.cpp:1132] loop(): [MAIN] ERXUDP "DATA":"1081000102880105FF017201E80400450025","DATALEN":"0012","DEST":"0000:0000:0000:0000:0000:0000:0000:0000","LPORT":"0E1A","RPORT":"0E1A","SECURED":"1","SENDER":"0000:0000:0000:0000:0000:0000:0000:0000","SENDERLLA":"0000000000000000"
[628906][D][main.cpp:1173] loop(): [MAIN] EHD1:10,EHD2:81,TID:0001,SEOJ:028801,DEOJ:05FF01,ESV:72,OPC:01,EPC:E8,PDC:04,EDT:00450025
[628918][D][main.cpp:1266] loop(): [MAIN] R: 6.0 A, T: 3.0 A
[649028][D][main.cpp:1027] send_measurement_request(): [MAIN] request inst-epower
[649029][D][main.cpp:712] send_request(): [MAIN] SKSENDTO 1 0000:0000:0000:0000:0000:0000:0000:0000 0E1A 1 000E 
[649185][D][main.cpp:905] read_line_without_crln(): [RECEIVE] EVENT 21 0000:0000:0000:0000:0000:0000:0000:0000 00
[649185][D][main.cpp:905] read_line_without_crln(): [RECEIVE] OK
[649499][D][main.cpp:1132] loop(): [MAIN] ERXUDP "DATA":"1081000102880105FF017201E70400000424","DATALEN":"0012","DEST":"0000:0000:0000:0000:0000:0000:0000:0000","LPORT":"0E1A","RPORT":"0E1A","SECURED":"1","SENDER":"0000:0000:0000:0000:0000:0000:0000:0000","SENDERLLA":"0000000000000000"
[649513][D][main.cpp:1173] loop(): [MAIN] EHD1:10,EHD2:81,TID:0001,SEOJ:028801,DEOJ:05FF01,ESV:72,OPC:01,EPC:E7,PDC:04,EDT:00000424
[649525][D][main.cpp:1252] loop(): [MAIN] 1060 W
[669632][D][main.cpp:1027] send_measurement_request(): [MAIN] request inst-current
[669633][D][main.cpp:712] send_request(): [MAIN] SKSENDTO 1 0000:0000:0000:0000:0000:0000:0000:0000 0E1A 1 000E 
[669883][D][main.cpp:905] read_line_without_crln(): [RECEIVE] EVENT 21 0000:0000:0000:0000:0000:0000:0000:0000 00
[669883][D][main.cpp:905] read_line_without_crln(): [RECEIVE] OK
[670196][D][main.cpp:1132] loop(): [MAIN] ERXUDP "DATA":"1081000102880105FF017201E80400460025","DATALEN":"0012","DEST":"0000:0000:0000:0000:0000:0000:0000:0000","LPORT":"0E1A","RPORT":"0E1A","SECURED":"1","SENDER":"0000:0000:0000:0000:0000:0000:0000:0000","SENDERLLA":"0000000000000000"
[670210][D][main.cpp:1173] loop(): [MAIN] EHD1:10,EHD2:81,TID:0001,SEOJ:028801,DEOJ:05FF01,ESV:72,OPC:01,EPC:E8,PDC:04,EDT:00460025
[670222][D][main.cpp:1266] loop(): [MAIN] R: 7.0 A, T: 3.0 A
[690332][D][main.cpp:1027] send_measurement_request(): [MAIN] request inst-epower
[690333][D][main.cpp:712] send_request(): [MAIN] SKSENDTO 1 0000:0000:0000:0000:0000:0000:0000:0000 0E1A 1 000E 
[690609][D][main.cpp:905] read_line_without_crln(): [RECEIVE] EVENT 21 0000:0000:0000:0000:0000:0000:0000:0000 00
[690610][D][main.cpp:905] read_line_without_crln(): [RECEIVE] OK
[691076][D][main.cpp:1132] loop(): [MAIN] ERXUDP "DATA":"1081000102880105FF017201E70400000430","DATALEN":"0012","DEST":"0000:0000:0000:0000:0000:0000:0000:0000","LPORT":"0E1A","RPORT":"0E1A","SECURED":"1","SENDER":"0000:0000:0000:0000:0000:0000:0000:0000","SENDERLLA":"0000000000000000"
[691090][D][main.cpp:1173] loop(): [MAIN] EHD1:10,EHD2:81,TID:0001,SEOJ:028801,DEOJ:05FF01,ESV:72,OPC:01,EPC:E7,PDC:04,EDT:00000430
[691102][D][main.cpp:1252] loop(): [MAIN] 1072 W
[711056][D][main.cpp:1027] send_measurement_request(): [MAIN] request inst-current
[711057][D][main.cpp:712] send_request(): [MAIN] SKSENDTO 1 0000:0000:0000:0000:0000:0000:0000:0000 0E1A 1 000E 
[711359][D][main.cpp:905] read_line_without_crln(): [RECEIVE] EVENT 21 0000:0000:0000:0000:0000:0000:0000:0000 00
[711359][D][main.cpp:905] read_line_without_crln(): [RECEIVE] OK
[711673][D][main.cpp:1132] loop(): [MAIN] ERXUDP "DATA":"1081000102880105FF017201E80400450027","DATALEN":"0012","DEST":"0000:0000:0000:0000:0000:0000:0000:0000","LPORT":"0E1A","RPORT":"0E1A","SECURED":"1","SENDER":"0000:0000:0000:0000:0000:0000:0000:0000","SENDERLLA":"0000000000000000"
[711687][D][main.cpp:1173] loop(): [MAIN] EHD1:10,EHD2:81,TID:0001,SEOJ:028801,DEOJ:05FF01,ESV:72,OPC:01,EPC:E8,PDC:04,EDT:00450027
[711699][D][main.cpp:1266] loop(): [MAIN] R: 6.0 A, T: 3.0 A
[731809][D][main.cpp:1027] send_measurement_request(): [MAIN] request inst-epower
[731810][D][main.cpp:712] send_request(): [MAIN] SKSENDTO 1 0000:0000:0000:0000:0000:0000:0000:0000 0E1A 1 000E 
[731925][D][main.cpp:905] read_line_without_crln(): [RECEIVE] EVENT 21 0000:0000:0000:0000:0000:0000:0000:0000 00
[731925][D][main.cpp:905] read_line_without_crln(): [RECEIVE] OK
[732188][D][main.cpp:1132] loop(): [MAIN] ERXUDP "DATA":"1081000102880105FF017201E704000003F0","DATALEN":"0012","DEST":"0000:0000:0000:0000:0000:0000:0000:0000","LPORT":"0E1A","RPORT":"0E1A","SECURED":"1","SENDER":"0000:0000:0000:0000:0000:0000:0000:0000","SENDERLLA":"0000000000000000"
[732202][D][main.cpp:1173] loop(): [MAIN] EHD1:10,EHD2:81,TID:0001,SEOJ:028801,DEOJ:05FF01,ESV:72,OPC:01,EPC:E7,PDC:04,EDT:000003F0
[732214][D][main.cpp:1252] loop(): [MAIN] 1008 W
[752372][D][main.cpp:1027] send_measurement_request(): [MAIN] request inst-current
[752373][D][main.cpp:712] send_request(): [MAIN] SKSENDTO 1 0000:0000:0000:0000:0000:0000:0000:0000 0E1A 1 000E 
[752646][D][main.cpp:905] read_line_without_crln(): [RECEIVE] EVENT 21 0000:0000:0000:0000:0000:0000:0000:0000 00
[752646][D][main.cpp:905] read_line_without_crln(): [RECEIVE] OK
[753011][D][main.cpp:1132] loop(): [MAIN] ERXUDP "DATA":"1081000102880105FF017201E80400440026","DATALEN":"0012","DEST":"0000:0000:0000:0000:0000:0000:0000:0000","LPORT":"0E1A","RPORT":"0E1A","SECURED":"1","SENDER":"0000:0000:0000:0000:0000:0000:0000:0000","SENDERLLA":"0000000000000000"
[753025][D][main.cpp:1173] loop(): [MAIN] EHD1:10,EHD2:81,TID:0001,SEOJ:028801,DEOJ:05FF01,ESV:72,OPC:01,EPC:E8,PDC:04,EDT:00440026
[753037][D][main.cpp:1266] loop(): [MAIN] R: 6.0 A, T: 3.0 A
[773084][D][main.cpp:1027] send_measurement_request(): [MAIN] request inst-epower
[773085][D][main.cpp:712] send_request(): [MAIN] SKSENDTO 1 0000:0000:0000:0000:0000:0000:0000:0000 0E1A 1 000E 
[773262][D][main.cpp:905] read_line_without_crln(): [RECEIVE] EVENT 21 0000:0000:0000:0000:0000:0000:0000:0000 00
[773262][D][main.cpp:905] read_line_without_crln(): [RECEIVE] OK
[773729][D][main.cpp:1132] loop(): [MAIN] ERXUDP "DATA":"1081000102880105FF017201E70400000440","DATALEN":"0012","DEST":"0000:0000:0000:0000:0000:0000:0000:0000","LPORT":"0E1A","RPORT":"0E1A","SECURED":"1","SENDER":"0000:0000:0000:0000:0000:0000:0000:0000","SENDERLLA":"0000000000000000"
[773743][D][main.cpp:1173] loop(): [MAIN] EHD1:10,EHD2:81,TID:0001,SEOJ:028801,DEOJ:05FF01,ESV:72,OPC:01,EPC:E7,PDC:04,EDT:00000440
[773755][D][main.cpp:1252] loop(): [MAIN] 1088 W
[793709][D][main.cpp:1027] send_measurement_request(): [MAIN] request inst-current
[793710][D][main.cpp:712] send_request(): [MAIN] SKSENDTO 1 0000:0000:0000:0000:0000:0000:0000:0000 0E1A 1 000E 
[793979][D][main.cpp:905] read_line_without_crln(): [RECEIVE] EVENT 21 0000:0000:0000:0000:0000:0000:0000:0000 00
[793980][D][main.cpp:905] read_line_without_crln(): [RECEIVE] OK
[794344][D][main.cpp:1132] loop(): [MAIN] ERXUDP "DATA":"1081000102880105FF017201E80400450026","DATALEN":"0012","DEST":"0000:0000:0000:0000:0000:0000:0000:0000","LPORT":"0E1A","RPORT":"0E1A","SECURED":"1","SENDER":"0000:0000:0000:0000:0000:0000:0000:0000","SENDERLLA":"0000000000000000"
[794358][D][main.cpp:1173] loop(): [MAIN] EHD1:10,EHD2:81,TID:0001,SEOJ:028801,DEOJ:05FF01,ESV:72,OPC:01,EPC:E8,PDC:04,EDT:00450026
[814417][D][main.cpp:1027] send_measurement_request(): [MAIN] request inst-epower
[814418][D][main.cpp:712] send_request(): [MAIN] SKSENDTO 1 0000:0000:0000:0000:0000:0000:0000:0000 0E1A 1 000E 
[814723][D][main.cpp:905] read_line_without_crln(): [RECEIVE] EVENT 21 0000:0000:0000:0000:0000:0000:0000:0000 00
[814723][D][main.cpp:905] read_line_without_crln(): [RECEIVE] OK
[815088][D][main.cpp:1132] loop(): [MAIN] ERXUDP "DATA":"1081000102880105FF017201E704000003F0","DATALEN":"0012","DEST":"0000:0000:0000:0000:0000:0000:0000:0000","LPORT":"0E1A","RPORT":"0E1A","SECURED":"1","SENDER":"0000:0000:0000:0000:0000:0000:0000:0000","SENDERLLA":"0000000000000000"
[815102][D][main.cpp:1173] loop(): [MAIN] EHD1:10,EHD2:81,TID:0001,SEOJ:028801,DEOJ:05FF01,ESV:72,OPC:01,EPC:E7,PDC:04,EDT:000003F0
[815114][D][main.cpp:1252] loop(): [MAIN] 1008 W
[835170][D][main.cpp:1027] send_measurement_request(): [MAIN] request inst-current
[835171][D][main.cpp:712] send_request(): [MAIN] SKSENDTO 1 0000:0000:0000:0000:0000:0000:0000:0000 0E1A 1 000E 
[835419][D][main.cpp:905] read_line_without_crln(): [RECEIVE] EVENT 21 0000:0000:0000:0000:0000:0000:0000:0000 00
[835419][D][main.cpp:905] read_line_without_crln(): [RECEIVE] OK
[835886][D][main.cpp:1132] loop(): [MAIN] ERXUDP "DATA":"1081000102880105FF017201E80400460021","DATALEN":"0012","DEST":"0000:0000:0000:0000:0000:0000:0000:0000","LPORT":"0E1A","RPORT":"0E1A","SECURED":"1","SENDER":"0000:0000:0000:0000:0000:0000:0000:0000","SENDERLLA":"0000000000000000"
[835900][D][main.cpp:1173] loop(): [MAIN] EHD1:10,EHD2:81,TID:0001,SEOJ:028801,DEOJ:05FF01,ESV:72,OPC:01,EPC:E8,PDC:04,EDT:00460021
[855869][D][main.cpp:1027] send_measurement_request(): [MAIN] request inst-epower
[855870][D][main.cpp:712] send_request(): [MAIN] SKSENDTO 1 0000:0000:0000:0000:0000:0000:0000:0000 0E1A 1 000E 
[856142][D][main.cpp:905] read_line_without_crln(): [RECEIVE] EVENT 21 0000:0000:0000:0000:0000:0000:0000:0000 00
[856142][D][main.cpp:905] read_line_without_crln(): [RECEIVE] OK
[856456][D][main.cpp:1132] loop(): [MAIN] ERXUDP "DATA":"1081000102880105FF017201E704000003F0","DATALEN":"0012","DEST":"0000:0000:0000:0000:0000:0000:0000:0000","LPORT":"0E1A","RPORT":"0E1A","SECURED":"1","SENDER":"0000:0000:0000:0000:0000:0000:0000:0000","SENDERLLA":"0000000000000000"
[856470][D][main.cpp:1173] loop(): [MAIN] EHD1:10,EHD2:81,TID:0001,SEOJ:028801,DEOJ:05FF01,ESV:72,OPC:01,EPC:E7,PDC:04,EDT:000003F0
[856482][D][main.cpp:1252] loop(): [MAIN] 1008 W
[876579][D][main.cpp:1027] send_measurement_request(): [MAIN] request inst-current
[876580][D][main.cpp:712] send_request(): [MAIN] SKSENDTO 1 0000:0000:0000:0000:0000:0000:0000:0000 0E1A 1 000E 
[876888][D][main.cpp:905] read_line_without_crln(): [RECEIVE] EVENT 21 0000:0000:0000:0000:0000:0000:0000:0000 00
[876888][D][main.cpp:905] read_line_without_crln(): [RECEIVE] OK
[877100][D][main.cpp:1132] loop(): [MAIN] ERXUDP "DATA":"1081000102880105FF017201E80400430020","DATALEN":"0012","DEST":"0000:0000:0000:0000:0000:0000:0000:0000","LPORT":"0E1A","RPORT":"0E1A","SECURED":"1","SENDER":"0000:0000:0000:0000:0000:0000:0000:0000","SENDERLLA":"0000000000000000"
[877114][D][main.cpp:1173] loop(): [MAIN] EHD1:10,EHD2:81,TID:0001,SEOJ:028801,DEOJ:05FF01,ESV:72,OPC:01,EPC:E8,PDC:04,EDT:00430020
[877126][D][main.cpp:1266] loop(): [MAIN] R: 6.0 A, T: 3.0 A
